<component name="libraryTable">
  <library name="junit-3.8.1-sources">
    <CLASSES />
    <JAVADOC />
    <SOURCES>
      <root url="jar://$MAVEN_REPOSITORY$/junit/junit/3.8.1/junit-3.8.1-sources.jar!/" />
    </SOURCES>
  </library>
</component>